<?xml version="1.0" encoding="UTF-8"?>
<!-- Generated by org.testng.reporters.JUnitReportReporter -->
<testsuite hostname="DESKTOP-CFBCV8Q" failures="0" tests="3" name="RaahulShettyAcademyy.tests.SubmitOrderTest" time="29.399" errors="0" timestamp="2023-08-26T21:36:40 IST" skipped="0">
  <testcase classname="RaahulShettyAcademyy.tests.SubmitOrderTest" name="submitOrder" time="15.879"/>
  <testcase classname="RaahulShettyAcademyy.tests.SubmitOrderTest" name="submitOrder" time="8.107"/>
  <testcase classname="RaahulShettyAcademyy.tests.SubmitOrderTest" name="OrderHistoryTest" time="5.413"/>
</testsuite> <!-- RaahulShettyAcademyy.tests.SubmitOrderTest -->
