<?xml version="1.0" encoding="UTF-8"?>
<!-- Generated by org.testng.reporters.JUnitReportReporter -->
<testsuite hostname="DESKTOP-CFBCV8Q" failures="0" tests="1" name="RaahulshettyAcademyy1.SubmitOrderTest" time="13.861" errors="0" timestamp="2023-03-27T22:49:19 IST" skipped="0">
  <testcase classname="RaahulshettyAcademyy1.SubmitOrderTest" name="submitOrder" time="13.861"/>
  <system-out/>
</testsuite> <!-- RaahulshettyAcademyy1.SubmitOrderTest -->
